ARM GAS  /tmp/ccvD2rhB.s 			page 1


   1              		.cpu cortex-m4
   2              		.arch armv7e-m
   3              		.fpu fpv4-sp-d16
   4              		.eabi_attribute 27, 1
   5              		.eabi_attribute 28, 1
   6              		.eabi_attribute 20, 1
   7              		.eabi_attribute 21, 1
   8              		.eabi_attribute 23, 3
   9              		.eabi_attribute 24, 1
  10              		.eabi_attribute 25, 1
  11              		.eabi_attribute 26, 1
  12              		.eabi_attribute 30, 6
  13              		.eabi_attribute 34, 1
  14              		.eabi_attribute 18, 4
  15              		.file	"dvl_reader.cpp"
  16              		.text
  17              	.Ltext0:
  18              		.cfi_sections	.debug_frame
  19              		.section	.rodata._ZL13start_of_velX,"a"
  20              		.align	2
  23              	_ZL13start_of_velX:
  24 0000 8E000000 		.word	142
  25              		.section	.rodata._ZL13start_of_velY,"a"
  26              		.align	2
  29              	_ZL13start_of_velY:
  30 0000 92000000 		.word	146
  31              		.section	.rodata._ZL14start_of_velZ1,"a"
  32              		.align	2
  35              	_ZL14start_of_velZ1:
  36 0000 96000000 		.word	150
  37              		.section	.rodata._ZL14start_of_velZ2,"a"
  38              		.align	2
  41              	_ZL14start_of_velZ2:
  42 0000 9A000000 		.word	154
  43              		.section	.text._ZN10Dvl_readerC2Ev,"ax",%progbits
  44              		.align	1
  45              		.global	_ZN10Dvl_readerC2Ev
  46              		.syntax unified
  47              		.thumb
  48              		.thumb_func
  50              	_ZN10Dvl_readerC2Ev:
  51              		.fnstart
  52              	.LFB6:
  53              		.file 1 "Core/Src/dvl_reader.cpp"
   1:Core/Src/dvl_reader.cpp **** #include "dvl_reader.h"
   2:Core/Src/dvl_reader.cpp **** 
   3:Core/Src/dvl_reader.cpp **** Dvl_reader::Dvl_reader()
  54              		.loc 1 3 1
  55              		.cfi_startproc
  56              		@ args = 0, pretend = 0, frame = 16
  57              		@ frame_needed = 1, uses_anonymous_args = 0
  58              		@ link register save eliminated.
  59 0000 80B4     		push	{r7}
  60              	.LCFI0:
  61              		.cfi_def_cfa_offset 4
  62              		.cfi_offset 7, -4
  63 0002 85B0     		sub	sp, sp, #20
ARM GAS  /tmp/ccvD2rhB.s 			page 2


  64              	.LCFI1:
  65              		.cfi_def_cfa_offset 24
  66 0004 00AF     		add	r7, sp, #0
  67              	.LCFI2:
  68              		.cfi_def_cfa_register 7
  69 0006 7860     		str	r0, [r7, #4]
  70              	.LBB2:
  71              	.LBB3:
   4:Core/Src/dvl_reader.cpp **** {
   5:Core/Src/dvl_reader.cpp **** 	velX = 0;
  72              		.loc 1 5 7
  73 0008 7B68     		ldr	r3, [r7, #4]
  74 000a 4FF00002 		mov	r2, #0
  75 000e 1A60     		str	r2, [r3]	@ float
   6:Core/Src/dvl_reader.cpp **** 	velY = 0;
  76              		.loc 1 6 7
  77 0010 7B68     		ldr	r3, [r7, #4]
  78 0012 4FF00002 		mov	r2, #0
  79 0016 5A60     		str	r2, [r3, #4]	@ float
   7:Core/Src/dvl_reader.cpp **** 	velZ1 = 0;
  80              		.loc 1 7 8
  81 0018 7B68     		ldr	r3, [r7, #4]
  82 001a 4FF00002 		mov	r2, #0
  83 001e 9A60     		str	r2, [r3, #8]	@ float
   8:Core/Src/dvl_reader.cpp **** 	velZ2 = 0;
  84              		.loc 1 8 8
  85 0020 7B68     		ldr	r3, [r7, #4]
  86 0022 4FF00002 		mov	r2, #0
  87 0026 DA60     		str	r2, [r3, #12]	@ float
   9:Core/Src/dvl_reader.cpp **** 	delim = 165;
  88              		.loc 1 9 8
  89 0028 7B68     		ldr	r3, [r7, #4]
  90 002a A522     		movs	r2, #165
  91 002c 1A74     		strb	r2, [r3, #16]
  92              	.LBB4:
  10:Core/Src/dvl_reader.cpp **** 	for(int i = 0; i<222; i++)
  93              		.loc 1 10 10
  94 002e 0023     		movs	r3, #0
  95 0030 FB60     		str	r3, [r7, #12]
  96              		.loc 1 10 2
  97 0032 08E0     		b	.L2
  98              	.L3:
  11:Core/Src/dvl_reader.cpp **** 		input[i] = 0;
  99              		.loc 1 11 12 discriminator 3
 100 0034 7A68     		ldr	r2, [r7, #4]
 101 0036 FB68     		ldr	r3, [r7, #12]
 102 0038 1344     		add	r3, r3, r2
 103 003a 1133     		adds	r3, r3, #17
 104 003c 0022     		movs	r2, #0
 105 003e 1A70     		strb	r2, [r3]
  10:Core/Src/dvl_reader.cpp **** 	for(int i = 0; i<222; i++)
 106              		.loc 1 10 2 discriminator 3
 107 0040 FB68     		ldr	r3, [r7, #12]
 108 0042 0133     		adds	r3, r3, #1
 109 0044 FB60     		str	r3, [r7, #12]
 110              	.L2:
  10:Core/Src/dvl_reader.cpp **** 	for(int i = 0; i<222; i++)
ARM GAS  /tmp/ccvD2rhB.s 			page 3


 111              		.loc 1 10 18 discriminator 1
 112 0046 FB68     		ldr	r3, [r7, #12]
 113 0048 DD2B     		cmp	r3, #221
 114 004a F3DD     		ble	.L3
 115              	.LBE4:
 116              	.LBE3:
 117              	.LBE2:
  12:Core/Src/dvl_reader.cpp **** }
 118              		.loc 1 12 1
 119 004c 7B68     		ldr	r3, [r7, #4]
 120 004e 1846     		mov	r0, r3
 121 0050 1437     		adds	r7, r7, #20
 122              	.LCFI3:
 123              		.cfi_def_cfa_offset 4
 124 0052 BD46     		mov	sp, r7
 125              	.LCFI4:
 126              		.cfi_def_cfa_register 13
 127              		@ sp needed
 128 0054 5DF8047B 		ldr	r7, [sp], #4
 129              	.LCFI5:
 130              		.cfi_restore 7
 131              		.cfi_def_cfa_offset 0
 132 0058 7047     		bx	lr
 133              		.cfi_endproc
 134              	.LFE6:
 135              		.cantunwind
 136              		.fnend
 138              		.global	_ZN10Dvl_readerC1Ev
 139              		.thumb_set _ZN10Dvl_readerC1Ev,_ZN10Dvl_readerC2Ev
 140              		.section	.text._ZN10Dvl_readerD2Ev,"ax",%progbits
 141              		.align	1
 142              		.global	_ZN10Dvl_readerD2Ev
 143              		.syntax unified
 144              		.thumb
 145              		.thumb_func
 147              	_ZN10Dvl_readerD2Ev:
 148              		.fnstart
 149              	.LFB9:
  13:Core/Src/dvl_reader.cpp **** 
  14:Core/Src/dvl_reader.cpp **** Dvl_reader::~Dvl_reader()
 150              		.loc 1 14 1
 151              		.cfi_startproc
 152              		@ args = 0, pretend = 0, frame = 8
 153              		@ frame_needed = 1, uses_anonymous_args = 0
 154 0000 80B5     		push	{r7, lr}
 155              	.LCFI6:
 156              		.cfi_def_cfa_offset 8
 157              		.cfi_offset 7, -8
 158              		.cfi_offset 14, -4
 159 0002 82B0     		sub	sp, sp, #8
 160              	.LCFI7:
 161              		.cfi_def_cfa_offset 16
 162 0004 00AF     		add	r7, sp, #0
 163              	.LCFI8:
 164              		.cfi_def_cfa_register 7
 165 0006 7860     		str	r0, [r7, #4]
 166              	.LBB5:
ARM GAS  /tmp/ccvD2rhB.s 			page 4


  15:Core/Src/dvl_reader.cpp **** {
  16:Core/Src/dvl_reader.cpp **** 	delete[] input;
 167              		.loc 1 16 11
 168 0008 7B68     		ldr	r3, [r7, #4]
 169 000a 1133     		adds	r3, r3, #17
 170              		.loc 1 16 2
 171 000c 002B     		cmp	r3, #0
 172 000e 04D0     		beq	.L6
 173              		.loc 1 16 11 discriminator 1
 174 0010 7B68     		ldr	r3, [r7, #4]
 175 0012 1133     		adds	r3, r3, #17
 176 0014 1846     		mov	r0, r3
 177 0016 FFF7FEFF 		bl	_ZdaPv
 178              	.L6:
 179              	.LBE5:
  17:Core/Src/dvl_reader.cpp **** }
 180              		.loc 1 17 1
 181 001a 7B68     		ldr	r3, [r7, #4]
 182 001c 1846     		mov	r0, r3
 183 001e 0837     		adds	r7, r7, #8
 184              	.LCFI9:
 185              		.cfi_def_cfa_offset 8
 186 0020 BD46     		mov	sp, r7
 187              	.LCFI10:
 188              		.cfi_def_cfa_register 13
 189              		@ sp needed
 190 0022 80BD     		pop	{r7, pc}
 191              		.cfi_endproc
 192              	.LFE9:
 193              		.cantunwind
 194              		.fnend
 196              		.global	_ZN10Dvl_readerD1Ev
 197              		.thumb_set _ZN10Dvl_readerD1Ev,_ZN10Dvl_readerD2Ev
 198              		.section	.text._ZN10Dvl_reader7convertEi,"ax",%progbits
 199              		.align	1
 200              		.global	_ZN10Dvl_reader7convertEi
 201              		.syntax unified
 202              		.thumb
 203              		.thumb_func
 205              	_ZN10Dvl_reader7convertEi:
 206              		.fnstart
 207              	.LFB11:
  18:Core/Src/dvl_reader.cpp **** 
  19:Core/Src/dvl_reader.cpp **** float Dvl_reader::convert(int start_byte)
  20:Core/Src/dvl_reader.cpp **** {
 208              		.loc 1 20 1
 209              		.cfi_startproc
 210              		@ args = 0, pretend = 0, frame = 16
 211              		@ frame_needed = 1, uses_anonymous_args = 0
 212              		@ link register save eliminated.
 213 0000 80B4     		push	{r7}
 214              	.LCFI11:
 215              		.cfi_def_cfa_offset 4
 216              		.cfi_offset 7, -4
 217 0002 85B0     		sub	sp, sp, #20
 218              	.LCFI12:
 219              		.cfi_def_cfa_offset 24
ARM GAS  /tmp/ccvD2rhB.s 			page 5


 220 0004 00AF     		add	r7, sp, #0
 221              	.LCFI13:
 222              		.cfi_def_cfa_register 7
 223 0006 7860     		str	r0, [r7, #4]
 224 0008 3960     		str	r1, [r7]
 225              	.LBB6:
  21:Core/Src/dvl_reader.cpp **** 	float f;
  22:Core/Src/dvl_reader.cpp **** 	for(int i=0;i<4;i++)
 226              		.loc 1 22 10
 227 000a 0023     		movs	r3, #0
 228 000c FB60     		str	r3, [r7, #12]
 229              		.loc 1 22 2
 230 000e 0DE0     		b	.L9
 231              	.L10:
  23:Core/Src/dvl_reader.cpp **** 		((char*)&f)[i] = input[start_byte+i];
 232              		.loc 1 23 36 discriminator 3
 233 0010 3A68     		ldr	r2, [r7]
 234 0012 FB68     		ldr	r3, [r7, #12]
 235 0014 1A44     		add	r2, r2, r3
 236              		.loc 1 23 15 discriminator 3
 237 0016 FB68     		ldr	r3, [r7, #12]
 238              		.loc 1 23 16 discriminator 3
 239 0018 07F10801 		add	r1, r7, #8
 240 001c 0B44     		add	r3, r3, r1
 241              		.loc 1 23 38 discriminator 3
 242 001e 7968     		ldr	r1, [r7, #4]
 243 0020 0A44     		add	r2, r2, r1
 244 0022 527C     		ldrb	r2, [r2, #17]	@ zero_extendqisi2
 245              		.loc 1 23 18 discriminator 3
 246 0024 1A70     		strb	r2, [r3]
  22:Core/Src/dvl_reader.cpp **** 		((char*)&f)[i] = input[start_byte+i];
 247              		.loc 1 22 2 discriminator 3
 248 0026 FB68     		ldr	r3, [r7, #12]
 249 0028 0133     		adds	r3, r3, #1
 250 002a FB60     		str	r3, [r7, #12]
 251              	.L9:
  22:Core/Src/dvl_reader.cpp **** 		((char*)&f)[i] = input[start_byte+i];
 252              		.loc 1 22 15 discriminator 1
 253 002c FB68     		ldr	r3, [r7, #12]
 254 002e 032B     		cmp	r3, #3
 255 0030 EEDD     		ble	.L10
 256              	.LBE6:
  24:Core/Src/dvl_reader.cpp **** 	return f;	
 257              		.loc 1 24 9
 258 0032 BB68     		ldr	r3, [r7, #8]	@ float
 259 0034 07EE903A 		vmov	s15, r3
  25:Core/Src/dvl_reader.cpp **** }
 260              		.loc 1 25 1
 261 0038 B0EE670A 		vmov.f32	s0, s15
 262 003c 1437     		adds	r7, r7, #20
 263              	.LCFI14:
 264              		.cfi_def_cfa_offset 4
 265 003e BD46     		mov	sp, r7
 266              	.LCFI15:
 267              		.cfi_def_cfa_register 13
 268              		@ sp needed
 269 0040 5DF8047B 		ldr	r7, [sp], #4
ARM GAS  /tmp/ccvD2rhB.s 			page 6


 270              	.LCFI16:
 271              		.cfi_restore 7
 272              		.cfi_def_cfa_offset 0
 273 0044 7047     		bx	lr
 274              		.cfi_endproc
 275              	.LFE11:
 276              		.cantunwind
 277              		.fnend
 279              		.section	.text._ZN10Dvl_reader6updateEv,"ax",%progbits
 280              		.align	1
 281              		.global	_ZN10Dvl_reader6updateEv
 282              		.syntax unified
 283              		.thumb
 284              		.thumb_func
 286              	_ZN10Dvl_reader6updateEv:
 287              		.fnstart
 288              	.LFB12:
  26:Core/Src/dvl_reader.cpp **** 
  27:Core/Src/dvl_reader.cpp **** void  Dvl_reader::update()
  28:Core/Src/dvl_reader.cpp **** {
 289              		.loc 1 28 1
 290              		.cfi_startproc
 291              		@ args = 0, pretend = 0, frame = 8
 292              		@ frame_needed = 1, uses_anonymous_args = 0
 293 0000 80B5     		push	{r7, lr}
 294              	.LCFI17:
 295              		.cfi_def_cfa_offset 8
 296              		.cfi_offset 7, -8
 297              		.cfi_offset 14, -4
 298 0002 82B0     		sub	sp, sp, #8
 299              	.LCFI18:
 300              		.cfi_def_cfa_offset 16
 301 0004 00AF     		add	r7, sp, #0
 302              	.LCFI19:
 303              		.cfi_def_cfa_register 7
 304 0006 7860     		str	r0, [r7, #4]
  29:Core/Src/dvl_reader.cpp **** 	velX = convert(start_of_velX);
 305              		.loc 1 29 16
 306 0008 8E21     		movs	r1, #142
 307 000a 7868     		ldr	r0, [r7, #4]
 308 000c FFF7FEFF 		bl	_ZN10Dvl_reader7convertEi
 309 0010 F0EE407A 		vmov.f32	s15, s0
 310              		.loc 1 29 7
 311 0014 7B68     		ldr	r3, [r7, #4]
 312 0016 C3ED007A 		vstr.32	s15, [r3]
  30:Core/Src/dvl_reader.cpp **** 	velY = convert(start_of_velY);
 313              		.loc 1 30 16
 314 001a 9221     		movs	r1, #146
 315 001c 7868     		ldr	r0, [r7, #4]
 316 001e FFF7FEFF 		bl	_ZN10Dvl_reader7convertEi
 317 0022 F0EE407A 		vmov.f32	s15, s0
 318              		.loc 1 30 7
 319 0026 7B68     		ldr	r3, [r7, #4]
 320 0028 C3ED017A 		vstr.32	s15, [r3, #4]
  31:Core/Src/dvl_reader.cpp **** 	velZ1 = convert(start_of_velZ1);
 321              		.loc 1 31 17
 322 002c 9621     		movs	r1, #150
ARM GAS  /tmp/ccvD2rhB.s 			page 7


 323 002e 7868     		ldr	r0, [r7, #4]
 324 0030 FFF7FEFF 		bl	_ZN10Dvl_reader7convertEi
 325 0034 F0EE407A 		vmov.f32	s15, s0
 326              		.loc 1 31 8
 327 0038 7B68     		ldr	r3, [r7, #4]
 328 003a C3ED027A 		vstr.32	s15, [r3, #8]
  32:Core/Src/dvl_reader.cpp **** 	velZ2 = convert(start_of_velZ2);
 329              		.loc 1 32 17
 330 003e 9A21     		movs	r1, #154
 331 0040 7868     		ldr	r0, [r7, #4]
 332 0042 FFF7FEFF 		bl	_ZN10Dvl_reader7convertEi
 333 0046 F0EE407A 		vmov.f32	s15, s0
 334              		.loc 1 32 8
 335 004a 7B68     		ldr	r3, [r7, #4]
 336 004c C3ED037A 		vstr.32	s15, [r3, #12]
  33:Core/Src/dvl_reader.cpp **** }	...
 337              		.loc 1 33 1
 338 0050 00BF     		nop
 339 0052 0837     		adds	r7, r7, #8
 340              	.LCFI20:
 341              		.cfi_def_cfa_offset 8
 342 0054 BD46     		mov	sp, r7
 343              	.LCFI21:
 344              		.cfi_def_cfa_register 13
 345              		@ sp needed
 346 0056 80BD     		pop	{r7, pc}
 347              		.cfi_endproc
 348              	.LFE12:
 349              		.cantunwind
 350              		.fnend
 352              		.text
 353              	.Letext0:
 354              		.file 2 "/home/zhc/stm32_tool/arm-gnu-toolchain-11.3.rel1-x86_64-arm-none-eabi/arm-none-eabi/inclu
 355              		.file 3 "/home/zhc/stm32_tool/arm-gnu-toolchain-11.3.rel1-x86_64-arm-none-eabi/arm-none-eabi/inclu
 356              		.file 4 "Core/Inc/dvl_reader.h"
ARM GAS  /tmp/ccvD2rhB.s 			page 8


DEFINED SYMBOLS
                            *ABS*:0000000000000000 dvl_reader.cpp
     /tmp/ccvD2rhB.s:20     .rodata._ZL13start_of_velX:0000000000000000 $d
     /tmp/ccvD2rhB.s:23     .rodata._ZL13start_of_velX:0000000000000000 _ZL13start_of_velX
     /tmp/ccvD2rhB.s:26     .rodata._ZL13start_of_velY:0000000000000000 $d
     /tmp/ccvD2rhB.s:29     .rodata._ZL13start_of_velY:0000000000000000 _ZL13start_of_velY
     /tmp/ccvD2rhB.s:32     .rodata._ZL14start_of_velZ1:0000000000000000 $d
     /tmp/ccvD2rhB.s:35     .rodata._ZL14start_of_velZ1:0000000000000000 _ZL14start_of_velZ1
     /tmp/ccvD2rhB.s:38     .rodata._ZL14start_of_velZ2:0000000000000000 $d
     /tmp/ccvD2rhB.s:41     .rodata._ZL14start_of_velZ2:0000000000000000 _ZL14start_of_velZ2
     /tmp/ccvD2rhB.s:44     .text._ZN10Dvl_readerC2Ev:0000000000000000 $t
     /tmp/ccvD2rhB.s:50     .text._ZN10Dvl_readerC2Ev:0000000000000000 _ZN10Dvl_readerC2Ev
.ARM.exidx.text._ZN10Dvl_readerC2Ev:0000000000000000 $d
     /tmp/ccvD2rhB.s:50     .text._ZN10Dvl_readerC2Ev:0000000000000000 _ZN10Dvl_readerC1Ev
     /tmp/ccvD2rhB.s:141    .text._ZN10Dvl_readerD2Ev:0000000000000000 $t
     /tmp/ccvD2rhB.s:147    .text._ZN10Dvl_readerD2Ev:0000000000000000 _ZN10Dvl_readerD2Ev
.ARM.exidx.text._ZN10Dvl_readerD2Ev:0000000000000000 $d
     /tmp/ccvD2rhB.s:147    .text._ZN10Dvl_readerD2Ev:0000000000000000 _ZN10Dvl_readerD1Ev
     /tmp/ccvD2rhB.s:199    .text._ZN10Dvl_reader7convertEi:0000000000000000 $t
     /tmp/ccvD2rhB.s:205    .text._ZN10Dvl_reader7convertEi:0000000000000000 _ZN10Dvl_reader7convertEi
.ARM.exidx.text._ZN10Dvl_reader7convertEi:0000000000000000 $d
     /tmp/ccvD2rhB.s:280    .text._ZN10Dvl_reader6updateEv:0000000000000000 $t
     /tmp/ccvD2rhB.s:286    .text._ZN10Dvl_reader6updateEv:0000000000000000 _ZN10Dvl_reader6updateEv
.ARM.exidx.text._ZN10Dvl_reader6updateEv:0000000000000000 $d

UNDEFINED SYMBOLS
_ZdaPv
