ARM GAS  /tmp/cc4YE5B4.s 			page 1


   1              		.cpu cortex-m4
   2              		.arch armv7e-m
   3              		.fpu fpv4-sp-d16
   4              		.eabi_attribute 27, 1
   5              		.eabi_attribute 28, 1
   6              		.eabi_attribute 20, 1
   7              		.eabi_attribute 21, 1
   8              		.eabi_attribute 23, 3
   9              		.eabi_attribute 24, 1
  10              		.eabi_attribute 25, 1
  11              		.eabi_attribute 26, 1
  12              		.eabi_attribute 30, 6
  13              		.eabi_attribute 34, 1
  14              		.eabi_attribute 18, 4
  15              		.file	"gpio.c"
  16              		.text
  17              	.Ltext0:
  18              		.cfi_sections	.debug_frame
  19              		.section	.text.MX_GPIO_Init,"ax",%progbits
  20              		.align	1
  21              		.global	MX_GPIO_Init
  22              		.syntax unified
  23              		.thumb
  24              		.thumb_func
  26              	MX_GPIO_Init:
  27              	.LFB130:
  28              		.file 1 "Core/Src/gpio.c"
   1:Core/Src/gpio.c **** /* USER CODE BEGIN Header */
   2:Core/Src/gpio.c **** /**
   3:Core/Src/gpio.c ****   ******************************************************************************
   4:Core/Src/gpio.c ****   * @file    gpio.c
   5:Core/Src/gpio.c ****   * @brief   This file provides code for the configuration
   6:Core/Src/gpio.c ****   *          of all used GPIO pins.
   7:Core/Src/gpio.c ****   ******************************************************************************
   8:Core/Src/gpio.c ****   * @attention
   9:Core/Src/gpio.c ****   *
  10:Core/Src/gpio.c ****   * Copyright (c) 2022 STMicroelectronics.
  11:Core/Src/gpio.c ****   * All rights reserved.
  12:Core/Src/gpio.c ****   *
  13:Core/Src/gpio.c ****   * This software is licensed under terms that can be found in the LICENSE file
  14:Core/Src/gpio.c ****   * in the root directory of this software component.
  15:Core/Src/gpio.c ****   * If no LICENSE file comes with this software, it is provided AS-IS.
  16:Core/Src/gpio.c ****   *
  17:Core/Src/gpio.c ****   ******************************************************************************
  18:Core/Src/gpio.c ****   */
  19:Core/Src/gpio.c **** /* USER CODE END Header */
  20:Core/Src/gpio.c **** 
  21:Core/Src/gpio.c **** /* Includes ------------------------------------------------------------------*/
  22:Core/Src/gpio.c **** #include "gpio.h"
  23:Core/Src/gpio.c **** 
  24:Core/Src/gpio.c **** /* USER CODE BEGIN 0 */
  25:Core/Src/gpio.c **** 
  26:Core/Src/gpio.c **** /* USER CODE END 0 */
  27:Core/Src/gpio.c **** 
  28:Core/Src/gpio.c **** /*----------------------------------------------------------------------------*/
  29:Core/Src/gpio.c **** /* Configure GPIO                                                             */
  30:Core/Src/gpio.c **** /*----------------------------------------------------------------------------*/
ARM GAS  /tmp/cc4YE5B4.s 			page 2


  31:Core/Src/gpio.c **** /* USER CODE BEGIN 1 */
  32:Core/Src/gpio.c **** 
  33:Core/Src/gpio.c **** /* USER CODE END 1 */
  34:Core/Src/gpio.c **** 
  35:Core/Src/gpio.c **** /** Configure pins as
  36:Core/Src/gpio.c ****         * Analog
  37:Core/Src/gpio.c ****         * Input
  38:Core/Src/gpio.c ****         * Output
  39:Core/Src/gpio.c ****         * EVENT_OUT
  40:Core/Src/gpio.c ****         * EXTI
  41:Core/Src/gpio.c **** */
  42:Core/Src/gpio.c **** void MX_GPIO_Init(void)
  43:Core/Src/gpio.c **** {
  29              		.loc 1 43 1
  30              		.cfi_startproc
  31              		@ args = 0, pretend = 0, frame = 40
  32              		@ frame_needed = 1, uses_anonymous_args = 0
  33 0000 80B5     		push	{r7, lr}
  34              	.LCFI0:
  35              		.cfi_def_cfa_offset 8
  36              		.cfi_offset 7, -8
  37              		.cfi_offset 14, -4
  38 0002 8AB0     		sub	sp, sp, #40
  39              	.LCFI1:
  40              		.cfi_def_cfa_offset 48
  41 0004 00AF     		add	r7, sp, #0
  42              	.LCFI2:
  43              		.cfi_def_cfa_register 7
  44:Core/Src/gpio.c **** 
  45:Core/Src/gpio.c ****   GPIO_InitTypeDef GPIO_InitStruct = {0};
  44              		.loc 1 45 20
  45 0006 07F11403 		add	r3, r7, #20
  46 000a 0022     		movs	r2, #0
  47 000c 1A60     		str	r2, [r3]
  48 000e 5A60     		str	r2, [r3, #4]
  49 0010 9A60     		str	r2, [r3, #8]
  50 0012 DA60     		str	r2, [r3, #12]
  51 0014 1A61     		str	r2, [r3, #16]
  52              	.LBB2:
  46:Core/Src/gpio.c **** 
  47:Core/Src/gpio.c ****   /* GPIO Ports Clock Enable */
  48:Core/Src/gpio.c ****   __HAL_RCC_GPIOC_CLK_ENABLE();
  53              		.loc 1 48 3
  54 0016 0023     		movs	r3, #0
  55 0018 3B61     		str	r3, [r7, #16]
  56 001a 2E4B     		ldr	r3, .L2
  57 001c 1B6B     		ldr	r3, [r3, #48]
  58 001e 2D4A     		ldr	r2, .L2
  59 0020 43F00403 		orr	r3, r3, #4
  60 0024 1363     		str	r3, [r2, #48]
  61 0026 2B4B     		ldr	r3, .L2
  62 0028 1B6B     		ldr	r3, [r3, #48]
  63 002a 03F00403 		and	r3, r3, #4
  64 002e 3B61     		str	r3, [r7, #16]
  65 0030 3B69     		ldr	r3, [r7, #16]
  66              	.LBE2:
  67              	.LBB3:
ARM GAS  /tmp/cc4YE5B4.s 			page 3


  49:Core/Src/gpio.c ****   __HAL_RCC_GPIOH_CLK_ENABLE();
  68              		.loc 1 49 3
  69 0032 0023     		movs	r3, #0
  70 0034 FB60     		str	r3, [r7, #12]
  71 0036 274B     		ldr	r3, .L2
  72 0038 1B6B     		ldr	r3, [r3, #48]
  73 003a 264A     		ldr	r2, .L2
  74 003c 43F08003 		orr	r3, r3, #128
  75 0040 1363     		str	r3, [r2, #48]
  76 0042 244B     		ldr	r3, .L2
  77 0044 1B6B     		ldr	r3, [r3, #48]
  78 0046 03F08003 		and	r3, r3, #128
  79 004a FB60     		str	r3, [r7, #12]
  80 004c FB68     		ldr	r3, [r7, #12]
  81              	.LBE3:
  82              	.LBB4:
  50:Core/Src/gpio.c ****   __HAL_RCC_GPIOA_CLK_ENABLE();
  83              		.loc 1 50 3
  84 004e 0023     		movs	r3, #0
  85 0050 BB60     		str	r3, [r7, #8]
  86 0052 204B     		ldr	r3, .L2
  87 0054 1B6B     		ldr	r3, [r3, #48]
  88 0056 1F4A     		ldr	r2, .L2
  89 0058 43F00103 		orr	r3, r3, #1
  90 005c 1363     		str	r3, [r2, #48]
  91 005e 1D4B     		ldr	r3, .L2
  92 0060 1B6B     		ldr	r3, [r3, #48]
  93 0062 03F00103 		and	r3, r3, #1
  94 0066 BB60     		str	r3, [r7, #8]
  95 0068 BB68     		ldr	r3, [r7, #8]
  96              	.LBE4:
  97              	.LBB5:
  51:Core/Src/gpio.c ****   __HAL_RCC_GPIOB_CLK_ENABLE();
  98              		.loc 1 51 3
  99 006a 0023     		movs	r3, #0
 100 006c 7B60     		str	r3, [r7, #4]
 101 006e 194B     		ldr	r3, .L2
 102 0070 1B6B     		ldr	r3, [r3, #48]
 103 0072 184A     		ldr	r2, .L2
 104 0074 43F00203 		orr	r3, r3, #2
 105 0078 1363     		str	r3, [r2, #48]
 106 007a 164B     		ldr	r3, .L2
 107 007c 1B6B     		ldr	r3, [r3, #48]
 108 007e 03F00203 		and	r3, r3, #2
 109 0082 7B60     		str	r3, [r7, #4]
 110 0084 7B68     		ldr	r3, [r7, #4]
 111              	.LBE5:
 112              	.LBB6:
  52:Core/Src/gpio.c ****   __HAL_RCC_GPIOD_CLK_ENABLE();
 113              		.loc 1 52 3
 114 0086 0023     		movs	r3, #0
 115 0088 3B60     		str	r3, [r7]
 116 008a 124B     		ldr	r3, .L2
 117 008c 1B6B     		ldr	r3, [r3, #48]
 118 008e 114A     		ldr	r2, .L2
 119 0090 43F00803 		orr	r3, r3, #8
 120 0094 1363     		str	r3, [r2, #48]
ARM GAS  /tmp/cc4YE5B4.s 			page 4


 121 0096 0F4B     		ldr	r3, .L2
 122 0098 1B6B     		ldr	r3, [r3, #48]
 123 009a 03F00803 		and	r3, r3, #8
 124 009e 3B60     		str	r3, [r7]
 125 00a0 3B68     		ldr	r3, [r7]
 126              	.LBE6:
  53:Core/Src/gpio.c **** 
  54:Core/Src/gpio.c ****   /*Configure GPIO pin Output Level */
  55:Core/Src/gpio.c ****   HAL_GPIO_WritePin(GPIOB, GPIO_PIN_12, GPIO_PIN_RESET);
 127              		.loc 1 55 3
 128 00a2 0022     		movs	r2, #0
 129 00a4 4FF48051 		mov	r1, #4096
 130 00a8 0B48     		ldr	r0, .L2+4
 131 00aa FFF7FEFF 		bl	HAL_GPIO_WritePin
  56:Core/Src/gpio.c **** 
  57:Core/Src/gpio.c ****   /*Configure GPIO pin : PB12 */
  58:Core/Src/gpio.c ****   GPIO_InitStruct.Pin = GPIO_PIN_12;
 132              		.loc 1 58 23
 133 00ae 4FF48053 		mov	r3, #4096
 134 00b2 7B61     		str	r3, [r7, #20]
  59:Core/Src/gpio.c ****   GPIO_InitStruct.Mode = GPIO_MODE_OUTPUT_PP;
 135              		.loc 1 59 24
 136 00b4 0123     		movs	r3, #1
 137 00b6 BB61     		str	r3, [r7, #24]
  60:Core/Src/gpio.c ****   GPIO_InitStruct.Pull = GPIO_NOPULL;
 138              		.loc 1 60 24
 139 00b8 0023     		movs	r3, #0
 140 00ba FB61     		str	r3, [r7, #28]
  61:Core/Src/gpio.c ****   GPIO_InitStruct.Speed = GPIO_SPEED_FREQ_LOW;
 141              		.loc 1 61 25
 142 00bc 0023     		movs	r3, #0
 143 00be 3B62     		str	r3, [r7, #32]
  62:Core/Src/gpio.c ****   HAL_GPIO_Init(GPIOB, &GPIO_InitStruct);
 144              		.loc 1 62 3
 145 00c0 07F11403 		add	r3, r7, #20
 146 00c4 1946     		mov	r1, r3
 147 00c6 0448     		ldr	r0, .L2+4
 148 00c8 FFF7FEFF 		bl	HAL_GPIO_Init
  63:Core/Src/gpio.c **** 
  64:Core/Src/gpio.c **** }
 149              		.loc 1 64 1
 150 00cc 00BF     		nop
 151 00ce 2837     		adds	r7, r7, #40
 152              	.LCFI3:
 153              		.cfi_def_cfa_offset 8
 154 00d0 BD46     		mov	sp, r7
 155              	.LCFI4:
 156              		.cfi_def_cfa_register 13
 157              		@ sp needed
 158 00d2 80BD     		pop	{r7, pc}
 159              	.L3:
 160              		.align	2
 161              	.L2:
 162 00d4 00380240 		.word	1073887232
 163 00d8 00040240 		.word	1073873920
 164              		.cfi_endproc
 165              	.LFE130:
ARM GAS  /tmp/cc4YE5B4.s 			page 5


 167              		.text
 168              	.Letext0:
 169              		.file 2 "/home/zhc/stm32_tool/arm-gnu-toolchain-11.3.rel1-x86_64-arm-none-eabi/arm-none-eabi/inclu
 170              		.file 3 "/home/zhc/stm32_tool/arm-gnu-toolchain-11.3.rel1-x86_64-arm-none-eabi/arm-none-eabi/inclu
 171              		.file 4 "Drivers/CMSIS/Device/ST/STM32F4xx/Include/stm32f407xx.h"
 172              		.file 5 "Drivers/STM32F4xx_HAL_Driver/Inc/stm32f4xx_hal_gpio.h"
ARM GAS  /tmp/cc4YE5B4.s 			page 6


DEFINED SYMBOLS
                            *ABS*:0000000000000000 gpio.c
     /tmp/cc4YE5B4.s:20     .text.MX_GPIO_Init:0000000000000000 $t
     /tmp/cc4YE5B4.s:26     .text.MX_GPIO_Init:0000000000000000 MX_GPIO_Init
     /tmp/cc4YE5B4.s:162    .text.MX_GPIO_Init:00000000000000d4 $d

UNDEFINED SYMBOLS
HAL_GPIO_WritePin
HAL_GPIO_Init
