ARM GAS  /tmp/ccmAhD1m.s 			page 1


   1              		.cpu cortex-m4
   2              		.arch armv7e-m
   3              		.fpu fpv4-sp-d16
   4              		.eabi_attribute 27, 1
   5              		.eabi_attribute 28, 1
   6              		.eabi_attribute 20, 1
   7              		.eabi_attribute 21, 1
   8              		.eabi_attribute 23, 3
   9              		.eabi_attribute 24, 1
  10              		.eabi_attribute 25, 1
  11              		.eabi_attribute 26, 1
  12              		.eabi_attribute 30, 6
  13              		.eabi_attribute 34, 1
  14              		.eabi_attribute 18, 4
  15              		.file	"i2c.c"
  16              		.text
  17              	.Ltext0:
  18              		.cfi_sections	.debug_frame
  19              		.global	hi2c1
  20              		.section	.bss.hi2c1,"aw",%nobits
  21              		.align	2
  24              	hi2c1:
  25 0000 00000000 		.space	84
  25      00000000 
  25      00000000 
  25      00000000 
  25      00000000 
  26              		.section	.text.MX_I2C1_Init,"ax",%progbits
  27              		.align	1
  28              		.global	MX_I2C1_Init
  29              		.syntax unified
  30              		.thumb
  31              		.thumb_func
  33              	MX_I2C1_Init:
  34              	.LFB130:
  35              		.file 1 "Core/Src/i2c.c"
   1:Core/Src/i2c.c **** /* USER CODE BEGIN Header */
   2:Core/Src/i2c.c **** /**
   3:Core/Src/i2c.c ****   ******************************************************************************
   4:Core/Src/i2c.c ****   * @file    i2c.c
   5:Core/Src/i2c.c ****   * @brief   This file provides code for the configuration
   6:Core/Src/i2c.c ****   *          of the I2C instances.
   7:Core/Src/i2c.c ****   ******************************************************************************
   8:Core/Src/i2c.c ****   * @attention
   9:Core/Src/i2c.c ****   *
  10:Core/Src/i2c.c ****   * Copyright (c) 2022 STMicroelectronics.
  11:Core/Src/i2c.c ****   * All rights reserved.
  12:Core/Src/i2c.c ****   *
  13:Core/Src/i2c.c ****   * This software is licensed under terms that can be found in the LICENSE file
  14:Core/Src/i2c.c ****   * in the root directory of this software component.
  15:Core/Src/i2c.c ****   * If no LICENSE file comes with this software, it is provided AS-IS.
  16:Core/Src/i2c.c ****   *
  17:Core/Src/i2c.c ****   ******************************************************************************
  18:Core/Src/i2c.c ****   */
  19:Core/Src/i2c.c **** /* USER CODE END Header */
  20:Core/Src/i2c.c **** /* Includes ------------------------------------------------------------------*/
  21:Core/Src/i2c.c **** #include "i2c.h"
ARM GAS  /tmp/ccmAhD1m.s 			page 2


  22:Core/Src/i2c.c **** 
  23:Core/Src/i2c.c **** /* USER CODE BEGIN 0 */
  24:Core/Src/i2c.c **** 
  25:Core/Src/i2c.c **** /* USER CODE END 0 */
  26:Core/Src/i2c.c **** 
  27:Core/Src/i2c.c **** I2C_HandleTypeDef hi2c1;
  28:Core/Src/i2c.c **** 
  29:Core/Src/i2c.c **** /* I2C1 init function */
  30:Core/Src/i2c.c **** void MX_I2C1_Init(void)
  31:Core/Src/i2c.c **** {
  36              		.loc 1 31 1
  37              		.cfi_startproc
  38              		@ args = 0, pretend = 0, frame = 0
  39              		@ frame_needed = 1, uses_anonymous_args = 0
  40 0000 80B5     		push	{r7, lr}
  41              	.LCFI0:
  42              		.cfi_def_cfa_offset 8
  43              		.cfi_offset 7, -8
  44              		.cfi_offset 14, -4
  45 0002 00AF     		add	r7, sp, #0
  46              	.LCFI1:
  47              		.cfi_def_cfa_register 7
  32:Core/Src/i2c.c **** 
  33:Core/Src/i2c.c ****   /* USER CODE BEGIN I2C1_Init 0 */
  34:Core/Src/i2c.c **** 
  35:Core/Src/i2c.c ****   /* USER CODE END I2C1_Init 0 */
  36:Core/Src/i2c.c **** 
  37:Core/Src/i2c.c ****   /* USER CODE BEGIN I2C1_Init 1 */
  38:Core/Src/i2c.c **** 
  39:Core/Src/i2c.c ****   /* USER CODE END I2C1_Init 1 */
  40:Core/Src/i2c.c ****   hi2c1.Instance = I2C1;
  48              		.loc 1 40 18
  49 0004 124B     		ldr	r3, .L4
  50 0006 134A     		ldr	r2, .L4+4
  51 0008 1A60     		str	r2, [r3]
  41:Core/Src/i2c.c ****   hi2c1.Init.ClockSpeed = 100000;
  52              		.loc 1 41 25
  53 000a 114B     		ldr	r3, .L4
  54 000c 124A     		ldr	r2, .L4+8
  55 000e 5A60     		str	r2, [r3, #4]
  42:Core/Src/i2c.c ****   hi2c1.Init.DutyCycle = I2C_DUTYCYCLE_2;
  56              		.loc 1 42 24
  57 0010 0F4B     		ldr	r3, .L4
  58 0012 0022     		movs	r2, #0
  59 0014 9A60     		str	r2, [r3, #8]
  43:Core/Src/i2c.c ****   hi2c1.Init.OwnAddress1 = 0;
  60              		.loc 1 43 26
  61 0016 0E4B     		ldr	r3, .L4
  62 0018 0022     		movs	r2, #0
  63 001a DA60     		str	r2, [r3, #12]
  44:Core/Src/i2c.c ****   hi2c1.Init.AddressingMode = I2C_ADDRESSINGMODE_7BIT;
  64              		.loc 1 44 29
  65 001c 0C4B     		ldr	r3, .L4
  66 001e 4FF48042 		mov	r2, #16384
  67 0022 1A61     		str	r2, [r3, #16]
  45:Core/Src/i2c.c ****   hi2c1.Init.DualAddressMode = I2C_DUALADDRESS_DISABLE;
  68              		.loc 1 45 30
ARM GAS  /tmp/ccmAhD1m.s 			page 3


  69 0024 0A4B     		ldr	r3, .L4
  70 0026 0022     		movs	r2, #0
  71 0028 5A61     		str	r2, [r3, #20]
  46:Core/Src/i2c.c ****   hi2c1.Init.OwnAddress2 = 0;
  72              		.loc 1 46 26
  73 002a 094B     		ldr	r3, .L4
  74 002c 0022     		movs	r2, #0
  75 002e 9A61     		str	r2, [r3, #24]
  47:Core/Src/i2c.c ****   hi2c1.Init.GeneralCallMode = I2C_GENERALCALL_DISABLE;
  76              		.loc 1 47 30
  77 0030 074B     		ldr	r3, .L4
  78 0032 0022     		movs	r2, #0
  79 0034 DA61     		str	r2, [r3, #28]
  48:Core/Src/i2c.c ****   hi2c1.Init.NoStretchMode = I2C_NOSTRETCH_DISABLE;
  80              		.loc 1 48 28
  81 0036 064B     		ldr	r3, .L4
  82 0038 0022     		movs	r2, #0
  83 003a 1A62     		str	r2, [r3, #32]
  49:Core/Src/i2c.c ****   if (HAL_I2C_Init(&hi2c1) != HAL_OK)
  84              		.loc 1 49 7
  85 003c 0448     		ldr	r0, .L4
  86 003e FFF7FEFF 		bl	HAL_I2C_Init
  87 0042 0346     		mov	r3, r0
  88              		.loc 1 49 6
  89 0044 002B     		cmp	r3, #0
  90 0046 01D0     		beq	.L3
  50:Core/Src/i2c.c ****   {
  51:Core/Src/i2c.c ****     Error_Handler();
  91              		.loc 1 51 5
  92 0048 FFF7FEFF 		bl	Error_Handler
  93              	.L3:
  52:Core/Src/i2c.c ****   }
  53:Core/Src/i2c.c ****   /* USER CODE BEGIN I2C1_Init 2 */
  54:Core/Src/i2c.c **** 
  55:Core/Src/i2c.c ****   /* USER CODE END I2C1_Init 2 */
  56:Core/Src/i2c.c **** 
  57:Core/Src/i2c.c **** }
  94              		.loc 1 57 1
  95 004c 00BF     		nop
  96 004e 80BD     		pop	{r7, pc}
  97              	.L5:
  98              		.align	2
  99              	.L4:
 100 0050 00000000 		.word	hi2c1
 101 0054 00540040 		.word	1073763328
 102 0058 A0860100 		.word	100000
 103              		.cfi_endproc
 104              	.LFE130:
 106              		.section	.text.HAL_I2C_MspInit,"ax",%progbits
 107              		.align	1
 108              		.global	HAL_I2C_MspInit
 109              		.syntax unified
 110              		.thumb
 111              		.thumb_func
 113              	HAL_I2C_MspInit:
 114              	.LFB131:
  58:Core/Src/i2c.c **** 
ARM GAS  /tmp/ccmAhD1m.s 			page 4


  59:Core/Src/i2c.c **** void HAL_I2C_MspInit(I2C_HandleTypeDef* i2cHandle)
  60:Core/Src/i2c.c **** {
 115              		.loc 1 60 1
 116              		.cfi_startproc
 117              		@ args = 0, pretend = 0, frame = 40
 118              		@ frame_needed = 1, uses_anonymous_args = 0
 119 0000 80B5     		push	{r7, lr}
 120              	.LCFI2:
 121              		.cfi_def_cfa_offset 8
 122              		.cfi_offset 7, -8
 123              		.cfi_offset 14, -4
 124 0002 8AB0     		sub	sp, sp, #40
 125              	.LCFI3:
 126              		.cfi_def_cfa_offset 48
 127 0004 00AF     		add	r7, sp, #0
 128              	.LCFI4:
 129              		.cfi_def_cfa_register 7
 130 0006 7860     		str	r0, [r7, #4]
  61:Core/Src/i2c.c **** 
  62:Core/Src/i2c.c ****   GPIO_InitTypeDef GPIO_InitStruct = {0};
 131              		.loc 1 62 20
 132 0008 07F11403 		add	r3, r7, #20
 133 000c 0022     		movs	r2, #0
 134 000e 1A60     		str	r2, [r3]
 135 0010 5A60     		str	r2, [r3, #4]
 136 0012 9A60     		str	r2, [r3, #8]
 137 0014 DA60     		str	r2, [r3, #12]
 138 0016 1A61     		str	r2, [r3, #16]
  63:Core/Src/i2c.c ****   if(i2cHandle->Instance==I2C1)
 139              		.loc 1 63 15
 140 0018 7B68     		ldr	r3, [r7, #4]
 141 001a 1B68     		ldr	r3, [r3]
 142              		.loc 1 63 5
 143 001c 194A     		ldr	r2, .L9
 144 001e 9342     		cmp	r3, r2
 145 0020 2CD1     		bne	.L8
 146              	.LBB2:
  64:Core/Src/i2c.c ****   {
  65:Core/Src/i2c.c ****   /* USER CODE BEGIN I2C1_MspInit 0 */
  66:Core/Src/i2c.c **** 
  67:Core/Src/i2c.c ****   /* USER CODE END I2C1_MspInit 0 */
  68:Core/Src/i2c.c **** 
  69:Core/Src/i2c.c ****     __HAL_RCC_GPIOB_CLK_ENABLE();
 147              		.loc 1 69 5
 148 0022 0023     		movs	r3, #0
 149 0024 3B61     		str	r3, [r7, #16]
 150 0026 184B     		ldr	r3, .L9+4
 151 0028 1B6B     		ldr	r3, [r3, #48]
 152 002a 174A     		ldr	r2, .L9+4
 153 002c 43F00203 		orr	r3, r3, #2
 154 0030 1363     		str	r3, [r2, #48]
 155 0032 154B     		ldr	r3, .L9+4
 156 0034 1B6B     		ldr	r3, [r3, #48]
 157 0036 03F00203 		and	r3, r3, #2
 158 003a 3B61     		str	r3, [r7, #16]
 159 003c 3B69     		ldr	r3, [r7, #16]
 160              	.LBE2:
ARM GAS  /tmp/ccmAhD1m.s 			page 5


  70:Core/Src/i2c.c ****     /**I2C1 GPIO Configuration
  71:Core/Src/i2c.c ****     PB8     ------> I2C1_SCL
  72:Core/Src/i2c.c ****     PB9     ------> I2C1_SDA
  73:Core/Src/i2c.c ****     */
  74:Core/Src/i2c.c ****     GPIO_InitStruct.Pin = GPIO_PIN_8|GPIO_PIN_9;
 161              		.loc 1 74 25
 162 003e 4FF44073 		mov	r3, #768
 163 0042 7B61     		str	r3, [r7, #20]
  75:Core/Src/i2c.c ****     GPIO_InitStruct.Mode = GPIO_MODE_AF_OD;
 164              		.loc 1 75 26
 165 0044 1223     		movs	r3, #18
 166 0046 BB61     		str	r3, [r7, #24]
  76:Core/Src/i2c.c ****     GPIO_InitStruct.Pull = GPIO_NOPULL;
 167              		.loc 1 76 26
 168 0048 0023     		movs	r3, #0
 169 004a FB61     		str	r3, [r7, #28]
  77:Core/Src/i2c.c ****     GPIO_InitStruct.Speed = GPIO_SPEED_FREQ_VERY_HIGH;
 170              		.loc 1 77 27
 171 004c 0323     		movs	r3, #3
 172 004e 3B62     		str	r3, [r7, #32]
  78:Core/Src/i2c.c ****     GPIO_InitStruct.Alternate = GPIO_AF4_I2C1;
 173              		.loc 1 78 31
 174 0050 0423     		movs	r3, #4
 175 0052 7B62     		str	r3, [r7, #36]
  79:Core/Src/i2c.c ****     HAL_GPIO_Init(GPIOB, &GPIO_InitStruct);
 176              		.loc 1 79 5
 177 0054 07F11403 		add	r3, r7, #20
 178 0058 1946     		mov	r1, r3
 179 005a 0C48     		ldr	r0, .L9+8
 180 005c FFF7FEFF 		bl	HAL_GPIO_Init
 181              	.LBB3:
  80:Core/Src/i2c.c **** 
  81:Core/Src/i2c.c ****     /* I2C1 clock enable */
  82:Core/Src/i2c.c ****     __HAL_RCC_I2C1_CLK_ENABLE();
 182              		.loc 1 82 5
 183 0060 0023     		movs	r3, #0
 184 0062 FB60     		str	r3, [r7, #12]
 185 0064 084B     		ldr	r3, .L9+4
 186 0066 1B6C     		ldr	r3, [r3, #64]
 187 0068 074A     		ldr	r2, .L9+4
 188 006a 43F40013 		orr	r3, r3, #2097152
 189 006e 1364     		str	r3, [r2, #64]
 190 0070 054B     		ldr	r3, .L9+4
 191 0072 1B6C     		ldr	r3, [r3, #64]
 192 0074 03F40013 		and	r3, r3, #2097152
 193 0078 FB60     		str	r3, [r7, #12]
 194 007a FB68     		ldr	r3, [r7, #12]
 195              	.L8:
 196              	.LBE3:
  83:Core/Src/i2c.c ****   /* USER CODE BEGIN I2C1_MspInit 1 */
  84:Core/Src/i2c.c **** 
  85:Core/Src/i2c.c ****   /* USER CODE END I2C1_MspInit 1 */
  86:Core/Src/i2c.c ****   }
  87:Core/Src/i2c.c **** }
 197              		.loc 1 87 1
 198 007c 00BF     		nop
 199 007e 2837     		adds	r7, r7, #40
ARM GAS  /tmp/ccmAhD1m.s 			page 6


 200              	.LCFI5:
 201              		.cfi_def_cfa_offset 8
 202 0080 BD46     		mov	sp, r7
 203              	.LCFI6:
 204              		.cfi_def_cfa_register 13
 205              		@ sp needed
 206 0082 80BD     		pop	{r7, pc}
 207              	.L10:
 208              		.align	2
 209              	.L9:
 210 0084 00540040 		.word	1073763328
 211 0088 00380240 		.word	1073887232
 212 008c 00040240 		.word	1073873920
 213              		.cfi_endproc
 214              	.LFE131:
 216              		.section	.text.HAL_I2C_MspDeInit,"ax",%progbits
 217              		.align	1
 218              		.global	HAL_I2C_MspDeInit
 219              		.syntax unified
 220              		.thumb
 221              		.thumb_func
 223              	HAL_I2C_MspDeInit:
 224              	.LFB132:
  88:Core/Src/i2c.c **** 
  89:Core/Src/i2c.c **** void HAL_I2C_MspDeInit(I2C_HandleTypeDef* i2cHandle)
  90:Core/Src/i2c.c **** {
 225              		.loc 1 90 1
 226              		.cfi_startproc
 227              		@ args = 0, pretend = 0, frame = 8
 228              		@ frame_needed = 1, uses_anonymous_args = 0
 229 0000 80B5     		push	{r7, lr}
 230              	.LCFI7:
 231              		.cfi_def_cfa_offset 8
 232              		.cfi_offset 7, -8
 233              		.cfi_offset 14, -4
 234 0002 82B0     		sub	sp, sp, #8
 235              	.LCFI8:
 236              		.cfi_def_cfa_offset 16
 237 0004 00AF     		add	r7, sp, #0
 238              	.LCFI9:
 239              		.cfi_def_cfa_register 7
 240 0006 7860     		str	r0, [r7, #4]
  91:Core/Src/i2c.c **** 
  92:Core/Src/i2c.c ****   if(i2cHandle->Instance==I2C1)
 241              		.loc 1 92 15
 242 0008 7B68     		ldr	r3, [r7, #4]
 243 000a 1B68     		ldr	r3, [r3]
 244              		.loc 1 92 5
 245 000c 0B4A     		ldr	r2, .L14
 246 000e 9342     		cmp	r3, r2
 247 0010 0FD1     		bne	.L13
  93:Core/Src/i2c.c ****   {
  94:Core/Src/i2c.c ****   /* USER CODE BEGIN I2C1_MspDeInit 0 */
  95:Core/Src/i2c.c **** 
  96:Core/Src/i2c.c ****   /* USER CODE END I2C1_MspDeInit 0 */
  97:Core/Src/i2c.c ****     /* Peripheral clock disable */
  98:Core/Src/i2c.c ****     __HAL_RCC_I2C1_CLK_DISABLE();
ARM GAS  /tmp/ccmAhD1m.s 			page 7


 248              		.loc 1 98 5
 249 0012 0B4B     		ldr	r3, .L14+4
 250 0014 1B6C     		ldr	r3, [r3, #64]
 251 0016 0A4A     		ldr	r2, .L14+4
 252 0018 23F40013 		bic	r3, r3, #2097152
 253 001c 1364     		str	r3, [r2, #64]
  99:Core/Src/i2c.c **** 
 100:Core/Src/i2c.c ****     /**I2C1 GPIO Configuration
 101:Core/Src/i2c.c ****     PB8     ------> I2C1_SCL
 102:Core/Src/i2c.c ****     PB9     ------> I2C1_SDA
 103:Core/Src/i2c.c ****     */
 104:Core/Src/i2c.c ****     HAL_GPIO_DeInit(GPIOB, GPIO_PIN_8);
 254              		.loc 1 104 5
 255 001e 4FF48071 		mov	r1, #256
 256 0022 0848     		ldr	r0, .L14+8
 257 0024 FFF7FEFF 		bl	HAL_GPIO_DeInit
 105:Core/Src/i2c.c **** 
 106:Core/Src/i2c.c ****     HAL_GPIO_DeInit(GPIOB, GPIO_PIN_9);
 258              		.loc 1 106 5
 259 0028 4FF40071 		mov	r1, #512
 260 002c 0548     		ldr	r0, .L14+8
 261 002e FFF7FEFF 		bl	HAL_GPIO_DeInit
 262              	.L13:
 107:Core/Src/i2c.c **** 
 108:Core/Src/i2c.c ****   /* USER CODE BEGIN I2C1_MspDeInit 1 */
 109:Core/Src/i2c.c **** 
 110:Core/Src/i2c.c ****   /* USER CODE END I2C1_MspDeInit 1 */
 111:Core/Src/i2c.c ****   }
 112:Core/Src/i2c.c **** }
 263              		.loc 1 112 1
 264 0032 00BF     		nop
 265 0034 0837     		adds	r7, r7, #8
 266              	.LCFI10:
 267              		.cfi_def_cfa_offset 8
 268 0036 BD46     		mov	sp, r7
 269              	.LCFI11:
 270              		.cfi_def_cfa_register 13
 271              		@ sp needed
 272 0038 80BD     		pop	{r7, pc}
 273              	.L15:
 274 003a 00BF     		.align	2
 275              	.L14:
 276 003c 00540040 		.word	1073763328
 277 0040 00380240 		.word	1073887232
 278 0044 00040240 		.word	1073873920
 279              		.cfi_endproc
 280              	.LFE132:
 282              		.text
 283              	.Letext0:
 284              		.file 2 "/home/zhc/stm32_tool/arm-gnu-toolchain-11.3.rel1-x86_64-arm-none-eabi/arm-none-eabi/inclu
 285              		.file 3 "/home/zhc/stm32_tool/arm-gnu-toolchain-11.3.rel1-x86_64-arm-none-eabi/arm-none-eabi/inclu
 286              		.file 4 "Drivers/CMSIS/Device/ST/STM32F4xx/Include/stm32f407xx.h"
 287              		.file 5 "Drivers/STM32F4xx_HAL_Driver/Inc/stm32f4xx_hal_def.h"
 288              		.file 6 "Drivers/STM32F4xx_HAL_Driver/Inc/stm32f4xx_hal_gpio.h"
 289              		.file 7 "Drivers/STM32F4xx_HAL_Driver/Inc/stm32f4xx_hal_dma.h"
 290              		.file 8 "Drivers/STM32F4xx_HAL_Driver/Inc/stm32f4xx_hal_i2c.h"
 291              		.file 9 "Core/Inc/i2c.h"
ARM GAS  /tmp/ccmAhD1m.s 			page 8


 292              		.file 10 "Core/Inc/main.h"
ARM GAS  /tmp/ccmAhD1m.s 			page 9


DEFINED SYMBOLS
                            *ABS*:0000000000000000 i2c.c
     /tmp/ccmAhD1m.s:24     .bss.hi2c1:0000000000000000 hi2c1
     /tmp/ccmAhD1m.s:21     .bss.hi2c1:0000000000000000 $d
     /tmp/ccmAhD1m.s:27     .text.MX_I2C1_Init:0000000000000000 $t
     /tmp/ccmAhD1m.s:33     .text.MX_I2C1_Init:0000000000000000 MX_I2C1_Init
     /tmp/ccmAhD1m.s:100    .text.MX_I2C1_Init:0000000000000050 $d
     /tmp/ccmAhD1m.s:107    .text.HAL_I2C_MspInit:0000000000000000 $t
     /tmp/ccmAhD1m.s:113    .text.HAL_I2C_MspInit:0000000000000000 HAL_I2C_MspInit
     /tmp/ccmAhD1m.s:210    .text.HAL_I2C_MspInit:0000000000000084 $d
     /tmp/ccmAhD1m.s:217    .text.HAL_I2C_MspDeInit:0000000000000000 $t
     /tmp/ccmAhD1m.s:223    .text.HAL_I2C_MspDeInit:0000000000000000 HAL_I2C_MspDeInit
     /tmp/ccmAhD1m.s:276    .text.HAL_I2C_MspDeInit:000000000000003c $d

UNDEFINED SYMBOLS
HAL_I2C_Init
Error_Handler
HAL_GPIO_Init
HAL_GPIO_DeInit
